<?xml version="1.0" encoding="UTF-8"?>
<!-- Generated by org.testng.reporters.JUnitXMLReporter -->
<testsuite ignored="0" hostname="Waqas" failures="0" tests="10" name="Test" time="30.855" errors="0" timestamp="2024-06-27T10:36:19 EDT">
  <testcase classname="parallel_execution_testCases.Parallel_Part2" name="logic4" time="4.164"/>
  <testcase classname="parallel_execution_testCases.Parallel_Part1" name="logic1" time="4.239"/>
  <testcase classname="parallel_execution_testCases.Parallel_Part1" name="logic1" time="5.999"/>
  <testcase classname="parallel_execution_testCases.Parallel_Part1" name="logic1" time="7.612"/>
  <testcase classname="parallel_execution_testCases.Parallel_Part1" name="logic1" time="4.68"/>
  <testcase classname="parallel_execution_testCases.Parallel_Part1" name="logic1" time="7.03"/>
  <testcase classname="parallel_execution_testCases.Parallel_Part1" name="logic2" time="13.231"/>
  <testcase classname="parallel_execution_testCases.Parallel_Part2" name="logic5" time="13.987"/>
  <testcase classname="parallel_execution_testCases.Parallel_Part1" name="logic3" time="17.367"/>
  <testcase classname="parallel_execution_testCases.Parallel_Part2" name="logic6" time="17.558"/>
</testsuite> <!-- Test -->
