<?xml version="1.0" encoding="UTF-8"?>
<!-- Generated by org.testng.reporters.JUnitXMLReporter -->
<testsuite ignored="6" hostname="Waqas" failures="0" tests="0" time="0.012" errors="0" timestamp="2024-06-28T10:00:45 EDT">
  <testcase classname="groups_in_testNG.Groups_Concepts" name="testCase1" time="0.0">
    <ignored/>
  </testcase> <!-- testCase1 -->
  <testcase classname="groups_in_testNG.Groups_Concepts" name="testCase4" time="0.0">
    <ignored/>
  </testcase> <!-- testCase4 -->
  <testcase classname="groups_in_testNG.Groups_Concepts" name="testCase2" time="0.0">
    <ignored/>
  </testcase> <!-- testCase2 -->
  <testcase classname="groups_in_testNG.Groups_Concepts" name="testCase5" time="0.0">
    <ignored/>
  </testcase> <!-- testCase5 -->
  <testcase classname="groups_in_testNG.Groups_Concepts" name="testCase3" time="0.0">
    <ignored/>
  </testcase> <!-- testCase3 -->
  <testcase classname="groups_in_testNG.Groups_Concepts" name="testCase6" time="0.0">
    <ignored/>
  </testcase> <!-- testCase6 -->
</testsuite>
