<?xml version="1.0" encoding="UTF-8"?>
<testng-results ignored="0" total="9" passed="9" failed="0" skipped="0">
  <reporter-output>
  </reporter-output>
  <suite started-at="2024-07-02T10:36:23 EDT" name="Suite" finished-at="2024-07-02T10:36:23 EDT" duration-ms="67">
    <groups>
    </groups>
    <test started-at="2024-07-02T10:36:23 EDT" name="Test" finished-at="2024-07-02T10:36:23 EDT" duration-ms="67">
      <class name="prod_env.Login">
        <test-method signature="loginTestProd()[pri:0, instance:prod_env.Login@71e9ebae]" started-at="2024-07-02T10:36:23 EDT" name="loginTestProd" finished-at="2024-07-02T10:36:23 EDT" duration-ms="2" status="PASS">
          <reporter-output>
          </reporter-output>
        </test-method> <!-- loginTestProd -->
      </class> <!-- prod_env.Login -->
      <class name="prod_env.Home">
        <test-method signature="homeTestProd()[pri:0, instance:prod_env.Home@f107c50]" started-at="2024-07-02T10:36:23 EDT" name="homeTestProd" finished-at="2024-07-02T10:36:23 EDT" duration-ms="11" status="PASS">
          <reporter-output>
          </reporter-output>
        </test-method> <!-- homeTestProd -->
      </class> <!-- prod_env.Home -->
      <class name="prod_env.Logout">
        <test-method signature="logoutTestProd()[pri:0, instance:prod_env.Logout@73d983ea]" started-at="2024-07-02T10:36:23 EDT" name="logoutTestProd" finished-at="2024-07-02T10:36:23 EDT" duration-ms="1" status="PASS">
          <reporter-output>
          </reporter-output>
        </test-method> <!-- logoutTestProd -->
      </class> <!-- prod_env.Logout -->
    </test> <!-- Test -->
  </suite> <!-- Suite -->
  <suite started-at="2024-07-02T10:36:23 EDT" name="Suite (1)" finished-at="2024-07-02T10:36:23 EDT" duration-ms="12">
    <groups>
    </groups>
    <test started-at="2024-07-02T10:36:23 EDT" name="Test" finished-at="2024-07-02T10:36:23 EDT" duration-ms="12">
      <class name="uat_env.Login">
        <test-method signature="loginTestUat()[pri:0, instance:uat_env.Login@21337f7b]" started-at="2024-07-02T10:36:23 EDT" name="loginTestUat" finished-at="2024-07-02T10:36:23 EDT" duration-ms="1" status="PASS">
          <reporter-output>
          </reporter-output>
        </test-method> <!-- loginTestUat -->
      </class> <!-- uat_env.Login -->
      <class name="uat_env.Logout">
        <test-method signature="logoutTestUat()[pri:0, instance:uat_env.Logout@5505ae1a]" started-at="2024-07-02T10:36:23 EDT" name="logoutTestUat" finished-at="2024-07-02T10:36:23 EDT" duration-ms="2" status="PASS">
          <reporter-output>
          </reporter-output>
        </test-method> <!-- logoutTestUat -->
      </class> <!-- uat_env.Logout -->
      <class name="uat_env.Home">
        <test-method signature="homeTestUat()[pri:0, instance:uat_env.Home@73cd37c0]" started-at="2024-07-02T10:36:23 EDT" name="homeTestUat" finished-at="2024-07-02T10:36:23 EDT" duration-ms="2" status="PASS">
          <reporter-output>
          </reporter-output>
        </test-method> <!-- homeTestUat -->
      </class> <!-- uat_env.Home -->
    </test> <!-- Test -->
  </suite> <!-- Suite (1) -->
  <suite started-at="2024-07-02T10:36:23 EDT" name="Suite (0)" finished-at="2024-07-02T10:36:23 EDT" duration-ms="12">
    <groups>
    </groups>
    <test started-at="2024-07-02T10:36:23 EDT" name="Test" finished-at="2024-07-02T10:36:23 EDT" duration-ms="12">
      <class name="test_env.Home">
        <test-method signature="homeTest()[pri:0, instance:test_env.Home@4716be8b]" started-at="2024-07-02T10:36:23 EDT" name="homeTest" finished-at="2024-07-02T10:36:23 EDT" duration-ms="1" status="PASS">
          <reporter-output>
          </reporter-output>
        </test-method> <!-- homeTest -->
      </class> <!-- test_env.Home -->
      <class name="test_env.Logout">
        <test-method signature="logoutTest()[pri:0, instance:test_env.Logout@146dfe6]" started-at="2024-07-02T10:36:23 EDT" name="logoutTest" finished-at="2024-07-02T10:36:23 EDT" duration-ms="2" status="PASS">
          <reporter-output>
          </reporter-output>
        </test-method> <!-- logoutTest -->
      </class> <!-- test_env.Logout -->
      <class name="test_env.Login">
        <test-method signature="loginTest()[pri:0, instance:test_env.Login@1fc32e4f]" started-at="2024-07-02T10:36:23 EDT" name="loginTest" finished-at="2024-07-02T10:36:23 EDT" duration-ms="2" status="PASS">
          <reporter-output>
          </reporter-output>
        </test-method> <!-- loginTest -->
      </class> <!-- test_env.Login -->
    </test> <!-- Test -->
  </suite> <!-- Suite (0) -->
  <suite started-at="2024-07-02T10:36:23 EDT" name="Complete Suite" finished-at="2024-07-02T10:36:23 EDT" duration-ms="0">
    <groups>
    </groups>
  </suite> <!-- Complete Suite -->
</testng-results>
